<?xml version="1.0" encoding="UTF-8"?>
<!-- Generated by org.testng.reporters.JUnitXMLReporter -->
<testsuite hostname="AV-PN-PHADKEC" name="Command line test" tests="1" failures="0" timestamp="5 Sep 2018 10:57:26 GMT" time="0.025" errors="0">
  <testcase name="@BeforeTest beforeTest" time="0.0" classname="testcases.Test1">
    <failure type="org.testng.TestNGException" message="
Parameter &amp;apos;browser&amp;apos; is required by @Configuration on method beforeTest but has not been marked @Optional or defined
">
      <![CDATA[org.testng.TestNGException: 
Parameter 'browser' is required by @Configuration on method beforeTest but has not been marked @Optional or defined

... Removed 28 stack frames]]>
    </failure>
  </testcase> <!-- @BeforeTest beforeTest -->
  <testcase name="firstRun" time="0.004" classname="testcases.Test1">
    <skipped/>
  </testcase> <!-- firstRun -->
</testsuite> <!-- Command line test -->
